<?xml version="1.0" encoding="UTF-8"?>
<testng-results ignored="0" total="1" passed="1" failed="0" skipped="0">
  <reporter-output>
  </reporter-output>
  <suite started-at="2022-08-04T02:23:38 IST" name="Default suite" finished-at="2022-08-04T02:23:41 IST" duration-ms="2910">
    <groups>
    </groups>
    <test started-at="2022-08-04T02:23:38 IST" name="Default test" finished-at="2022-08-04T02:23:41 IST" duration-ms="2910">
      <class name="com.bridgelabz.WebTable_Example">
        <test-method is-config="true" signature="launchBrowser()[pri:0, instance:com.bridgelabz.WebTable_Example@543588e6]" started-at="2022-08-04T02:23:38 IST" name="launchBrowser" finished-at="2022-08-04T02:23:41 IST" duration-ms="2457" status="PASS">
          <reporter-output>
          </reporter-output>
        </test-method> <!-- launchBrowser -->
        <test-method signature="webTable()[pri:0, instance:com.bridgelabz.WebTable_Example@543588e6]" started-at="2022-08-04T02:23:41 IST" name="webTable" finished-at="2022-08-04T02:23:41 IST" duration-ms="409" status="PASS">
          <reporter-output>
          </reporter-output>
        </test-method> <!-- webTable -->
      </class> <!-- com.bridgelabz.WebTable_Example -->
    </test> <!-- Default test -->
  </suite> <!-- Default suite -->
</testng-results>
